Arguments: 
  C:\Program Files\nodejs\node.exe C:\Users\Caleb\AppData\Roaming\npm\node_modules\yarn\bin\yarn.js remove @babel/*

PATH: 
  C:\Program Files\Git\mingw64\bin;C:\Program Files\Git\usr\bin;C:\Users\Caleb\bin;C:\Program Files (x86)\Common Files\Oracle\Java\javapath;C:\WINDOWS\system32;C:\WINDOWS;C:\WINDOWS\System32\Wbem;C:\WINDOWS\System32\WindowsPowerShell\v1.0;C:\Program Files\PuTTY;C:\WINDOWS\System32\OpenSSH;C:\Program Files\Git\cmd;C:\Program Files (x86)\Brackets\command;C:\HashiCorp\Vagrant\bin;C:\MAMP\bin\php\php7.3.7\php.exe;C:\MAMP\bin\php\php7.2.1;C:\ProgramData\ComposerSetup\bin;C:\Program Files\TortoiseGit\bin;C:\Program Files\nodejs;C:\Program Files\Docker\Docker\resources\bin;C:\ProgramData\DockerDesktop\version-bin;C:\Users\Caleb\.jpm\windows\bin;C:\Program Files\Java\jdk1.8.0_202\bin;C:\Users\Caleb\scoop\shims;C:\Users\Caleb\AppData\Local\Microsoft\WindowsApps;C:\Users\Caleb\AppData\Local\Programs\Microsoft VS Code\bin;C:\Users\Caleb\AppData\Roaming\Composer\vendor\bin;C:\Users\Caleb\AppData\Local\Microsoft\WindowsApps;C:\Users\Caleb\AppData\Local\GitHubDesktop\bin;C:\Users\Caleb\AppData\Roaming\npm;C:\Program Files (x86)\BrowserStackLocal

Yarn version: 
  1.22.10

Node version: 
  16.15.0

Platform: 
  win32 x64

Trace: 
  SyntaxError: C:\Users\Caleb\Documents\javascript_course_udemy\boilerplate\package.json: Unexpected token / in JSON at position 111
      at JSON.parse (<anonymous>)
      at C:\Users\Caleb\AppData\Roaming\npm\node_modules\yarn\lib\cli.js:1625:59
      at Generator.next (<anonymous>)
      at step (C:\Users\Caleb\AppData\Roaming\npm\node_modules\yarn\lib\cli.js:310:30)
      at C:\Users\Caleb\AppData\Roaming\npm\node_modules\yarn\lib\cli.js:321:13

npm manifest: 
  {
    "name": "boilerplate",
    "version": "1.0.0",
    "description": "",
    "main": "index.js",
    "dependencies": {/*
      "ansi-regex": "^2.1.1",
      "ansi-styles": "^2.2.1",
      "babel-code-frame": "^6.26.0",
      "babel-helper-builder-binary-assignment-operator-visitor": "^6.24.1",
      "babel-helper-call-delegate": "^6.24.1",
      "babel-helper-define-map": "^6.26.0",
      "babel-helper-explode-assignable-expression": "^6.24.1",
      "babel-helper-hoist-variables": "^6.24.1",
      "babel-helper-optimise-call-expression": "^6.24.1",
      "babel-helper-regex": "^6.26.0",
      "babel-helper-remap-async-to-generator": "^6.24.1",
      "babel-helper-replace-supers": "^6.24.1",
      "babel-messages": "^6.23.0",
      "babel-plugin-check-es2015-constants": "^6.22.0",
      "babel-plugin-syntax-async-functions": "^6.13.0",
      "babel-plugin-syntax-exponentiation-operator": "^6.13.0",
      "babel-plugin-syntax-trailing-function-commas": "^6.22.0",
      "babel-plugin-transform-async-to-generator": "^6.24.1",
      "babel-plugin-transform-es2015-arrow-functions": "^6.22.0",
      "babel-plugin-transform-es2015-block-scoped-functions": "^6.22.0",
      "babel-plugin-transform-es2015-block-scoping": "^6.26.0",
      "babel-plugin-transform-es2015-classes": "^6.24.1",
      "babel-plugin-transform-es2015-computed-properties": "^6.24.1",
      "babel-plugin-transform-es2015-destructuring": "^6.23.0",
      "babel-plugin-transform-es2015-duplicate-keys": "^6.24.1",
      "babel-plugin-transform-es2015-for-of": "^6.23.0",
      "babel-plugin-transform-es2015-function-name": "^6.24.1",
      "babel-plugin-transform-es2015-literals": "^6.22.0",
      "babel-plugin-transform-es2015-modules-amd": "^6.24.1",
      "babel-plugin-transform-es2015-modules-commonjs": "^6.26.2",
      "babel-plugin-transform-es2015-modules-systemjs": "^6.24.1",
      "babel-plugin-transform-es2015-modules-umd": "^6.24.1",
      "babel-plugin-transform-es2015-object-super": "^6.24.1",
      "babel-plugin-transform-es2015-parameters": "^6.24.1",
      "babel-plugin-transform-es2015-shorthand-properties": "^6.24.1",
      "babel-plugin-transform-es2015-spread": "^6.22.0",
      "babel-plugin-transform-es2015-sticky-regex": "^6.24.1",
      "babel-plugin-transform-es2015-template-literals": "^6.22.0",
      "babel-plugin-transform-es2015-typeof-symbol": "^6.23.0",
      "babel-plugin-transform-es2015-unicode-regex": "^6.24.1",
      "babel-plugin-transform-exponentiation-operator": "^6.24.1",
      "babel-plugin-transform-regenerator": "^6.26.0",
      "babel-plugin-transform-strict-mode": "^6.24.1",
      "babel-preset-env": "^1.7.0",
      "babel-runtime": "^6.26.0",
      "babel-template": "^6.26.0",
      "babel-traverse": "^6.26.0",
      "babel-types": "^6.26.0",
      "babylon": "^6.18.0",
      "browserslist": "^3.2.8",
      "chalk": "^1.1.3",
      "debug": "^2.6.9",
      "escape-string-regexp": "^1.0.5",
      "esutils": "^2.0.3",
      "globals": "^9.18.0",
      "has-ansi": "^2.0.0",
      "invariant": "^2.2.4",
      "js-tokens": "^3.0.2",
      "jsesc": "^0.5.0",
      "loose-envify": "^1.4.0",
      "ms": "^2.0.0",
      "private": "^0.1.8",
      "regenerate": "^1.4.2",
      "regenerator-transform": "^0.10.1",
      "regexpu-core": "^2.0.0",
      "regjsgen": "^0.2.0",
      "semver": "^5.7.1",
      "strip-ansi": "^3.0.1",
      "supports-color": "^2.0.0",
      "to-fast-properties": "^1.0.3"*/
    },
    "scripts": {
    
    },
    "author": "",
    "license": "ISC"
  }

yarn manifest: 
  No manifest

Lockfile: 
  No lockfile
